step_name test-directory-hashing_VAR1.0.3874309076.VAR2.0.7520078045.VAR3.0.718718159.VAR4.0.5491000152
{'VAR1': 0.3874309076,
 'VAR2': 0.7520078045,
 'VAR3': 0.718718159,
 'VAR4': 0.5491000152,
 'combo': 'VAR1.0.39.VAR2.0.75.VAR3.0.72.VAR4.0.55',
 'combo_index': '{{combo_index}}',
 'date': '2022-09-01',
 'link_template': '{{output_path}}/links/{{date}}/run-{{study_index}}/combo-{{combo_index}}-{{combo}}/{{step}}',
 'long_combo': 'VAR1.0.3874309076.VAR2.0.7520078045.VAR3.0.718718159.VAR4.0.5491000152',
 'output_name': 'link_integration_test_20220901-202902',
 'output_path': '/Users/crkrenn/Dropbox/code/maestrowf_crk/output',
 'step': 'test-directory-hashing',
 'study_date': '20220901',
 'study_index': '{{study_index}}',
 'study_name': 'link_integration_test',
 'study_time': '202902'}
step_name test-directory-hashing_VAR1.0.3874309076.VAR2.0.7520078045.VAR3.0.718718159.VAR4.0.5491000152
{'VAR1': 0.3874309076,
 'VAR2': 0.7520078045,
 'VAR3': 0.718718159,
 'VAR4': 0.5491000152,
 'combo': 'VAR1.0.39.VAR2.0.75.VAR3.0.72.VAR4.0.55',
 'combo_index': '{{combo_index}}',
 'date': '2022-09-01',
 'link_template': '{{output_path}}/links/{{date}}/run-{{study_index}}/combo-{{combo_index}}-{{combo}}/{{step}}',
 'long_combo': 'VAR1.0.3874309076.VAR2.0.7520078045.VAR3.0.718718159.VAR4.0.5491000152',
 'output_name': 'link_integration_test_20220901-202902',
 'output_path': '/Users/crkrenn/Dropbox/code/maestrowf_crk/output',
 'step': 'test-directory-hashing',
 'study_date': '20220901',
 'study_index': '0023',
 'study_name': 'link_integration_test',
 'study_time': '202902'}
t: {{output_path}}/links/{{date}}/run-{{study_index}}/combo-{{combo_index}}-{{combo}}/{{step}}
p: /Users/crkrenn/Dropbox/code/maestrowf_crk/output/links/2022-09-01/run-0023/combo-{{combo_index}}-VAR1.0.39.VAR2.0.75.VAR3.0.72.VAR4.0.55/test-directory-hashing
r: /Users/crkrenn/Dropbox/code/maestrowf_crk/output/link_integration_test_20220901-202902/test-directory-hashing/VAR1.0.3874309076.VAR2.0.7520078045.VAR3.0.718718159.VAR4.0.5491000152
step_name test-directory-hashing_VAR1.0.3874309076.VAR2.0.7520078045.VAR3.0.718718159.VAR4.0.5491000152
{'VAR1': 0.3874309076,
 'VAR2': 0.7520078045,
 'VAR3': 0.718718159,
 'VAR4': 0.5491000152,
 'combo': 'VAR1.0.39.VAR2.0.75.VAR3.0.72.VAR4.0.55',
 'combo_index': '0001',
 'date': '2022-09-01',
 'link_template': '{{output_path}}/links/{{date}}/run-{{study_index}}/combo-{{combo_index}}-{{combo}}/{{step}}',
 'long_combo': 'VAR1.0.3874309076.VAR2.0.7520078045.VAR3.0.718718159.VAR4.0.5491000152',
 'output_name': 'link_integration_test_20220901-202902',
 'output_path': '/Users/crkrenn/Dropbox/code/maestrowf_crk/output',
 'step': 'test-directory-hashing',
 'study_date': '20220901',
 'study_index': '0023',
 'study_name': 'link_integration_test',
 'study_time': '202902'}
step_name test-directory-hashing_VAR1.0.3585516934.VAR2.0.1707261687.VAR3.0.4406243939.VAR4.0.3920015696
{'VAR1': 0.3585516934,
 'VAR2': 0.1707261687,
 'VAR3': 0.4406243939,
 'VAR4': 0.3920015696,
 'combo': 'VAR1.0.36.VAR2.0.17.VAR3.0.44.VAR4.0.39',
 'combo_index': '{{combo_index}}',
 'date': '2022-09-01',
 'link_template': '{{output_path}}/links/{{date}}/run-{{study_index}}/combo-{{combo_index}}-{{combo}}/{{step}}',
 'long_combo': 'VAR1.0.3585516934.VAR2.0.1707261687.VAR3.0.4406243939.VAR4.0.3920015696',
 'output_name': 'link_integration_test_20220901-202902',
 'output_path': '/Users/crkrenn/Dropbox/code/maestrowf_crk/output',
 'step': 'test-directory-hashing',
 'study_date': '20220901',
 'study_index': '0023',
 'study_name': 'link_integration_test',
 'study_time': '202902'}
t: {{output_path}}/links/{{date}}/run-{{study_index}}/combo-{{combo_index}}-{{combo}}/{{step}}
p: /Users/crkrenn/Dropbox/code/maestrowf_crk/output/links/2022-09-01/run-0023/combo-{{combo_index}}-VAR1.0.36.VAR2.0.17.VAR3.0.44.VAR4.0.39/test-directory-hashing
r: /Users/crkrenn/Dropbox/code/maestrowf_crk/output/link_integration_test_20220901-202902/test-directory-hashing/VAR1.0.3585516934.VAR2.0.1707261687.VAR3.0.4406243939.VAR4.0.3920015696
step_name test-directory-hashing_VAR1.0.3585516934.VAR2.0.1707261687.VAR3.0.4406243939.VAR4.0.3920015696
{'VAR1': 0.3585516934,
 'VAR2': 0.1707261687,
 'VAR3': 0.4406243939,
 'VAR4': 0.3920015696,
 'combo': 'VAR1.0.36.VAR2.0.17.VAR3.0.44.VAR4.0.39',
 'combo_index': '0001',
 'date': '2022-09-01',
 'link_template': '{{output_path}}/links/{{date}}/run-{{study_index}}/combo-{{combo_index}}-{{combo}}/{{step}}',
 'long_combo': 'VAR1.0.3585516934.VAR2.0.1707261687.VAR3.0.4406243939.VAR4.0.3920015696',
 'output_name': 'link_integration_test_20220901-202902',
 'output_path': '/Users/crkrenn/Dropbox/code/maestrowf_crk/output',
 'step': 'test-directory-hashing',
 'study_date': '20220901',
 'study_index': '0023',
 'study_name': 'link_integration_test',
 'study_time': '202902'}
step_name test-directory-hashing_VAR1.0.8368954934.VAR2.0.7296721416.VAR3.0.8958327389.VAR4.0.1895291838
{'VAR1': 0.8368954934,
 'VAR2': 0.7296721416,
 'VAR3': 0.8958327389,
 'VAR4': 0.1895291838,
 'combo': 'VAR1.0.84.VAR2.0.73.VAR3.0.90.VAR4.0.19',
 'combo_index': '{{combo_index}}',
 'date': '2022-09-01',
 'link_template': '{{output_path}}/links/{{date}}/run-{{study_index}}/combo-{{combo_index}}-{{combo}}/{{step}}',
 'long_combo': 'VAR1.0.8368954934.VAR2.0.7296721416.VAR3.0.8958327389.VAR4.0.1895291838',
 'output_name': 'link_integration_test_20220901-202902',
 'output_path': '/Users/crkrenn/Dropbox/code/maestrowf_crk/output',
 'step': 'test-directory-hashing',
 'study_date': '20220901',
 'study_index': '0023',
 'study_name': 'link_integration_test',
 'study_time': '202902'}
t: {{output_path}}/links/{{date}}/run-{{study_index}}/combo-{{combo_index}}-{{combo}}/{{step}}
p: /Users/crkrenn/Dropbox/code/maestrowf_crk/output/links/2022-09-01/run-0023/combo-{{combo_index}}-VAR1.0.84.VAR2.0.73.VAR3.0.90.VAR4.0.19/test-directory-hashing
r: /Users/crkrenn/Dropbox/code/maestrowf_crk/output/link_integration_test_20220901-202902/test-directory-hashing/VAR1.0.8368954934.VAR2.0.7296721416.VAR3.0.8958327389.VAR4.0.1895291838
step_name test-directory-hashing_VAR1.0.8368954934.VAR2.0.7296721416.VAR3.0.8958327389.VAR4.0.1895291838
{'VAR1': 0.8368954934,
 'VAR2': 0.7296721416,
 'VAR3': 0.8958327389,
 'VAR4': 0.1895291838,
 'combo': 'VAR1.0.84.VAR2.0.73.VAR3.0.90.VAR4.0.19',
 'combo_index': '0001',
 'date': '2022-09-01',
 'link_template': '{{output_path}}/links/{{date}}/run-{{study_index}}/combo-{{combo_index}}-{{combo}}/{{step}}',
 'long_combo': 'VAR1.0.8368954934.VAR2.0.7296721416.VAR3.0.8958327389.VAR4.0.1895291838',
 'output_name': 'link_integration_test_20220901-202902',
 'output_path': '/Users/crkrenn/Dropbox/code/maestrowf_crk/output',
 'step': 'test-directory-hashing',
 'study_date': '20220901',
 'study_index': '0023',
 'study_name': 'link_integration_test',
 'study_time': '202902'}
